<?xml version="1.0" encoding="UTF-8"?>
<testng-results ignored="2" total="3" passed="1" failed="0" skipped="0">
  <reporter-output>
  </reporter-output>
  <suite started-at="2023-03-15T19:15:18 IST" name="Suite" finished-at="2023-03-15T19:15:56 IST" duration-ms="38014">
    <groups>
    </groups>
    <test started-at="2023-03-15T19:15:18 IST" name="Test" finished-at="2023-03-15T19:15:56 IST" duration-ms="38014">
      <class name="testPackage.TestClass">
        <test-method is-config="true" signature="beforeClass()[pri:0, instance:testPackage.TestClass@3a93b025]" started-at="2023-03-15T19:15:49 IST" name="beforeClass" finished-at="2023-03-15T19:15:50 IST" duration-ms="74" status="PASS">
          <reporter-output>
          </reporter-output>
        </test-method> <!-- beforeClass -->
        <test-method signature="test()[pri:0, instance:testPackage.TestClass@3a93b025]" started-at="2023-03-15T19:15:50 IST" name="test" finished-at="2023-03-15T19:15:56 IST" duration-ms="6554" status="PASS">
          <reporter-output>
          </reporter-output>
        </test-method> <!-- test -->
        <test-method is-config="true" signature="afterClass()[pri:0, instance:testPackage.TestClass@3a93b025]" started-at="2023-03-15T19:15:56 IST" name="afterClass" finished-at="2023-03-15T19:15:56 IST" duration-ms="1" status="PASS">
          <reporter-output>
          </reporter-output>
        </test-method> <!-- afterClass -->
      </class> <!-- testPackage.TestClass -->
      <class name="testPackage.BaseClass">
        <test-method is-config="true" signature="beforeTest(java.lang.String)[pri:0, instance:testPackage.BaseClass@6572421]" started-at="2023-03-15T19:15:18 IST" name="beforeTest" finished-at="2023-03-15T19:15:49 IST" duration-ms="31293" status="PASS">
          <params>
            <param index="0">
              <value>
                <![CDATA[firefox]]>
              </value>
            </param>
          </params>
          <reporter-output>
          </reporter-output>
        </test-method> <!-- beforeTest -->
        <test-method is-config="true" signature="afterTest()[pri:0, instance:testPackage.BaseClass@6572421]" started-at="2023-03-15T19:15:56 IST" name="afterTest" finished-at="2023-03-15T19:15:56 IST" duration-ms="0" status="PASS">
          <reporter-output>
          </reporter-output>
        </test-method> <!-- afterTest -->
      </class> <!-- testPackage.BaseClass -->
    </test> <!-- Test -->
  </suite> <!-- Suite -->
</testng-results>
